2025-03-09 22:20:15,669 - synapse-scraper - INFO - Zaèínám sbìr zpravodajských èlánkù pro projekt Synapse...
2025-03-09 22:20:17,296 - synapse-scraper - INFO - Úspìšnì pøipojeno k databázi.
2025-03-09 22:20:17,384 - synapse-scraper - INFO - Aktuální poèet èlánkù v databázi: 0
2025-03-09 22:20:17,407 - synapse-scraper - INFO - Zpracovávám RSS feed: idnes
2025-03-09 22:20:17,623 - synapse-scraper - INFO - Stahuji èlánek: Buï zticha, mròousi! okøikl Musk polského ministra kvùli Starlinku. Pøidal se i Rubio
2025-03-09 22:20:20,176 - synapse-scraper - INFO - Èlánek uložen: Buï zticha, mròousi! okøikl Musk polského ministra kvùli Starlinku. Pøidal se i Rubio (6529 znakù, 945 slov)
2025-03-09 22:20:20,178 - synapse-scraper - INFO - Celkem staženo nových èlánkù: 1
2025-03-09 22:20:20,291 - synapse-scraper - INFO - Stahuji èlánek: Konec éry. Dánská pošta pøestane po 400 letech doruèovat dopisy
2025-03-09 22:20:22,898 - synapse-scraper - INFO - Èlánek uložen: Konec éry. Dánská pošta pøestane po 400 letech doruèovat dopisy (6529 znakù, 945 slov)
2025-03-09 22:20:22,899 - synapse-scraper - INFO - Celkem staženo nových èlánkù: 2
2025-03-09 22:20:22,931 - synapse-scraper - INFO - Stahuji èlánek: Hudba a verše v Bubnech pøipomnìly vyvraždìní terezínského rodinného tábora
2025-03-09 22:20:25,679 - synapse-scraper - INFO - Èlánek uložen: Hudba a verše v Bubnech pøipomnìly vyvraždìní terezínského rodinného tábora (6529 znakù, 945 slov)
2025-03-09 22:20:25,679 - synapse-scraper - INFO - Celkem staženo nových èlánkù: 3
2025-03-09 22:20:25,709 - synapse-scraper - INFO - Stahuji èlánek: Rumunské úøady zamítly prezidentskou kandidaturu krajnì pravicového politika
2025-03-09 22:20:28,311 - synapse-scraper - INFO - Èlánek uložen: Rumunské úøady zamítly prezidentskou kandidaturu krajnì pravicového politika (6529 znakù, 945 slov)
2025-03-09 22:20:28,312 - synapse-scraper - INFO - Celkem staženo nových èlánkù: 4
2025-03-09 22:20:28,344 - synapse-scraper - INFO - Stahuji èlánek: Táta si stál za svým a klidnì šel proti všem. V tom jsem po nìm, øíká Heømánek ml.
2025-03-09 22:20:30,669 - synapse-scraper - INFO - Èlánek uložen: Táta si stál za svým a klidnì šel proti všem. V tom jsem po nìm, øíká Heømánek ml. (6529 znakù, 945 slov)
2025-03-09 22:20:30,670 - synapse-scraper - INFO - Celkem staženo nových èlánkù: 5
2025-03-09 22:20:30,735 - synapse-scraper - INFO - Stahuji èlánek: „Doktore, napište mi ten lék z reklamy“. Experti varují pøed inzercí lékù na pøedpis
2025-03-09 22:20:33,245 - synapse-scraper - INFO - Èlánek uložen: „Doktore, napište mi ten lék z reklamy“. Experti varují pøed inzercí lékù na pøedpis (6529 znakù, 945 slov)
2025-03-09 22:20:33,247 - synapse-scraper - INFO - Celkem staženo nových èlánkù: 6
2025-03-09 22:20:33,293 - synapse-scraper - INFO - Stahuji èlánek: Hra jako vzdìlávací nástroj. Na novém gymnáziu se bude vyuèovat esport i AI
2025-03-09 22:20:36,198 - synapse-scraper - INFO - Èlánek uložen: Hra jako vzdìlávací nástroj. Na novém gymnáziu se bude vyuèovat esport i AI (6529 znakù, 945 slov)
2025-03-09 22:20:36,199 - synapse-scraper - INFO - Celkem staženo nových èlánkù: 7
2025-03-09 22:20:36,227 - synapse-scraper - INFO - Stahuji èlánek: Vodopád ve stanici Florenc omezil provoz metra. Na trase C tu vlaky jen projíždìjí
2025-03-09 22:20:38,256 - synapse-scraper - INFO - Èlánek uložen: Vodopád ve stanici Florenc omezil provoz metra. Na trase C tu vlaky jen projíždìjí (6529 znakù, 945 slov)
2025-03-09 22:20:38,257 - synapse-scraper - INFO - Celkem staženo nových èlánkù: 8
2025-03-09 22:20:38,303 - synapse-scraper - INFO - Stahuji èlánek: Turisté našli pohøešovaného policistu z Domažlicka, je mrtvý
2025-03-09 22:20:40,431 - synapse-scraper - INFO - Èlánek uložen: Turisté našli pohøešovaného policistu z Domažlicka, je mrtvý (6529 znakù, 945 slov)
2025-03-09 22:20:40,432 - synapse-scraper - INFO - Celkem staženo nových èlánkù: 9
2025-03-09 22:20:40,499 - synapse-scraper - INFO - Stahuji èlánek: Pornohereèka Tálibánu nevadí, místní ženy ano. Dvojí metr, stìžují si Afghánky
2025-03-09 22:20:41,869 - synapse-scraper - INFO - Èlánek uložen: Pornohereèka Tálibánu nevadí, místní ženy ano. Dvojí metr, stìžují si Afghánky (6529 znakù, 945 slov)
2025-03-09 22:20:41,870 - synapse-scraper - INFO - Celkem staženo nových èlánkù: 10
2025-03-09 22:20:41,902 - synapse-scraper - INFO - Stahuji èlánek: Když o vinì rozhoduje pes. Pachové stopy jsou nebezpeèný dùkaz, volají kritici
2025-03-09 22:20:43,243 - synapse-scraper - INFO - Èlánek uložen: Když o vinì rozhoduje pes. Pachové stopy jsou nebezpeèný dùkaz, volají kritici (6529 znakù, 945 slov)
2025-03-09 22:20:43,244 - synapse-scraper - INFO - Celkem staženo nových èlánkù: 11
2025-03-09 22:20:43,273 - synapse-scraper - INFO - Stahuji èlánek: USA chtìjí potrestat islamisty za masakry v Sýrii. Vùdce Šara vyzval k jednotì
2025-03-09 22:20:46,478 - synapse-scraper - INFO - Èlánek uložen: USA chtìjí potrestat islamisty za masakry v Sýrii. Vùdce Šara vyzval k jednotì (6529 znakù, 945 slov)
2025-03-09 22:20:46,478 - synapse-scraper - INFO - Celkem staženo nových èlánkù: 12
2025-03-09 22:20:46,510 - synapse-scraper - INFO - Stahuji èlánek: Izrael odpojil Gazu od elektøiny. Ohrožena je i výroba pitné vody
2025-03-09 22:20:49,070 - synapse-scraper - INFO - Èlánek uložen: Izrael odpojil Gazu od elektøiny. Ohrožena je i výroba pitné vody (6529 znakù, 945 slov)
2025-03-09 22:20:49,070 - synapse-scraper - INFO - Celkem staženo nových èlánkù: 13
2025-03-09 22:20:49,110 - synapse-scraper - INFO - Stahuji èlánek: V hledáèku Afriky je zdanìní bohatých. Každá zemì k nìmu pøistupuje po svém
2025-03-09 22:20:51,323 - synapse-scraper - INFO - Èlánek uložen: V hledáèku Afriky je zdanìní bohatých. Každá zemì k nìmu pøistupuje po svém (6529 znakù, 945 slov)
2025-03-09 22:20:51,326 - synapse-scraper - INFO - Celkem staženo nových èlánkù: 14
2025-03-09 22:20:51,359 - synapse-scraper - INFO - Stahuji èlánek: ANALÝZA: Nároky na Grónsko jako gambit, který zapoène boj o strategická území
2025-03-09 22:20:53,591 - synapse-scraper - INFO - Èlánek uložen: ANALÝZA: Nároky na Grónsko jako gambit, který zapoène boj o strategická území (6529 znakù, 945 slov)
2025-03-09 22:20:53,592 - synapse-scraper - INFO - Celkem staženo nových èlánkù: 15
2025-03-09 22:20:53,624 - synapse-scraper - INFO - Stahuji èlánek: Uèit ukrajinské dìti je výzva. Èesko ji zvládlo, øíká metodièka vzdìlávání
2025-03-09 22:20:55,948 - synapse-scraper - INFO - Èlánek uložen: Uèit ukrajinské dìti je výzva. Èesko ji zvládlo, øíká metodièka vzdìlávání (6529 znakù, 945 slov)
2025-03-09 22:20:55,949 - synapse-scraper - INFO - Celkem staženo nových èlánkù: 16
2025-03-09 22:20:55,976 - synapse-scraper - INFO - Stahuji èlánek: KOMENTÁØ: Vyrobeno v Evropì? Nová strategie pro automobilový prùmysl
2025-03-09 22:20:57,419 - synapse-scraper - INFO - Èlánek uložen: KOMENTÁØ: Vyrobeno v Evropì? Nová strategie pro automobilový prùmysl (6529 znakù, 945 slov)
2025-03-09 22:20:57,420 - synapse-scraper - INFO - Celkem staženo nových èlánkù: 17
2025-03-09 22:20:57,457 - synapse-scraper - INFO - Stahuji èlánek: Trumpovi na Evropì nezáleží, je ale jediný, kdo mùže dojednat mír, myslí si Zeman
2025-03-09 22:21:00,572 - synapse-scraper - INFO - Èlánek uložen: Trumpovi na Evropì nezáleží, je ale jediný, kdo mùže dojednat mír, myslí si Zeman (6529 znakù, 945 slov)
2025-03-09 22:21:00,573 - synapse-scraper - INFO - Celkem staženo nových èlánkù: 18
2025-03-09 22:21:00,602 - synapse-scraper - INFO - Stahuji èlánek: Musk souhlasí s odchodem USA z NATO. Nemìli bychom platit obranu Evropy, míní
2025-03-09 22:21:02,696 - synapse-scraper - INFO - Èlánek uložen: Musk souhlasí s odchodem USA z NATO. Nemìli bychom platit obranu Evropy, míní (6529 znakù, 945 slov)
2025-03-09 22:21:02,697 - synapse-scraper - INFO - Celkem staženo nových èlánkù: 19
2025-03-09 22:21:02,733 - synapse-scraper - INFO - Stahuji èlánek: Musím se nauèit zvládat svùj stres, prozradil vítìz Èeských lvù Jiøí Mádl
2025-03-09 22:21:05,052 - synapse-scraper - INFO - Èlánek uložen: Musím se nauèit zvládat svùj stres, prozradil vítìz Èeských lvù Jiøí Mádl (6529 znakù, 945 slov)
2025-03-09 22:21:05,053 - synapse-scraper - INFO - Celkem staženo nových èlánkù: 20
2025-03-09 22:21:05,097 - synapse-scraper - INFO - Stahuji èlánek: Tajná služba postøelila ozbrojence u Bílého domu. Sebevrah z Indiany s pistolí, uvedla
2025-03-09 22:21:07,080 - synapse-scraper - INFO - Èlánek uložen: Tajná služba postøelila ozbrojence u Bílého domu. Sebevrah z Indiany s pistolí, uvedla (6529 znakù, 945 slov)
2025-03-09 22:21:07,081 - synapse-scraper - INFO - Celkem staženo nových èlánkù: 21
2025-03-09 22:21:07,123 - synapse-scraper - INFO - Stahuji èlánek: Zbranì pro Ukrajinu za peníze Rusù. Francie využije zmražený ruský majetek
2025-03-09 22:21:09,814 - synapse-scraper - INFO - Èlánek uložen: Zbranì pro Ukrajinu za peníze Rusù. Francie využije zmražený ruský majetek (6529 znakù, 945 slov)
2025-03-09 22:21:09,815 - synapse-scraper - INFO - Celkem staženo nových èlánkù: 22
2025-03-09 22:21:09,840 - synapse-scraper - INFO - Stahuji èlánek: Povinnou vojnu nikdo nenavrhuje, shodla se Èernochová s poslancem za ANO
2025-03-09 22:21:12,414 - synapse-scraper - INFO - Èlánek uložen: Povinnou vojnu nikdo nenavrhuje, shodla se Èernochová s poslancem za ANO (6529 znakù, 945 slov)
2025-03-09 22:21:12,416 - synapse-scraper - INFO - Celkem staženo nových èlánkù: 23
2025-03-09 22:21:12,454 - synapse-scraper - INFO - Stahuji èlánek: VIDEA TÝDNE: Vypískaný Vance, vítìzné Vlny a zápasnice ministryní
2025-03-09 22:21:15,478 - synapse-scraper - INFO - Èlánek uložen: VIDEA TÝDNE: Vypískaný Vance, vítìzné Vlny a zápasnice ministryní (6529 znakù, 945 slov)
2025-03-09 22:21:15,479 - synapse-scraper - INFO - Celkem staženo nových èlánkù: 24
2025-03-09 22:21:15,511 - synapse-scraper - INFO - Stahuji èlánek: Èína se pøipravila na éru Trumpových cel, supertechnologiemi chce zaplavit svìt
2025-03-09 22:21:17,945 - synapse-scraper - INFO - Èlánek uložen: Èína se pøipravila na éru Trumpových cel, supertechnologiemi chce zaplavit svìt (6529 znakù, 945 slov)
2025-03-09 22:21:17,945 - synapse-scraper - INFO - Celkem staženo nových èlánkù: 25
2025-03-09 22:21:17,978 - synapse-scraper - INFO - Stahuji èlánek: Kimova jaderná ponorka ze seznamu pøání. Její øízené støely dìsí Jižní Koreu i USA
2025-03-09 22:21:19,825 - synapse-scraper - INFO - Èlánek uložen: Kimova jaderná ponorka ze seznamu pøání. Její øízené støely dìsí Jižní Koreu i USA (6529 znakù, 945 slov)
2025-03-09 22:21:19,826 - synapse-scraper - INFO - Celkem staženo nových èlánkù: 26
2025-03-09 22:21:19,858 - synapse-scraper - INFO - Stahuji èlánek: Volby by vyhrálo ANO, posílilo SPOLU a Piráti. Motoristé mimo Snìmovnu
2025-03-09 22:21:21,361 - synapse-scraper - INFO - Èlánek uložen: Volby by vyhrálo ANO, posílilo SPOLU a Piráti. Motoristé mimo Snìmovnu (6529 znakù, 945 slov)
2025-03-09 22:21:21,362 - synapse-scraper - INFO - Celkem staženo nových èlánkù: 27
2025-03-09 22:21:21,391 - synapse-scraper - INFO - Stahuji èlánek: Obøí loutky osvítily plzeòské námìstí, historii mìsta pøiblížil i videomapping
2025-03-09 22:21:24,207 - synapse-scraper - INFO - Èlánek uložen: Obøí loutky osvítily plzeòské námìstí, historii mìsta pøiblížil i videomapping (6529 znakù, 945 slov)
2025-03-09 22:21:24,208 - synapse-scraper - INFO - Celkem staženo nových èlánkù: 28
2025-03-09 22:21:24,250 - synapse-scraper - INFO - Stahuji èlánek: KOMENTÁØ: Letos Èeskému lvu pomohly Vlny. Ale pøíštì už ani cenu navíc
2025-03-09 22:21:26,471 - synapse-scraper - INFO - Èlánek uložen: KOMENTÁØ: Letos Èeskému lvu pomohly Vlny. Ale pøíštì už ani cenu navíc (6529 znakù, 945 slov)
2025-03-09 22:21:26,472 - synapse-scraper - INFO - Celkem staženo nových èlánkù: 29
2025-03-09 22:21:26,559 - synapse-scraper - INFO - Stahuji èlánek: Pohøešovaný soudce Kafka pøed zmizením rezignoval. Èelil kárnému øízení
2025-03-09 22:21:29,857 - synapse-scraper - INFO - Èlánek uložen: Pohøešovaný soudce Kafka pøed zmizením rezignoval. Èelil kárnému øízení (6529 znakù, 945 slov)
2025-03-09 22:21:29,857 - synapse-scraper - INFO - Celkem staženo nových èlánkù: 30
2025-03-09 22:21:29,859 - synapse-scraper - INFO - Zpracovávám RSS feed: novinky
2025-03-09 22:21:30,088 - synapse-scraper - INFO - Stahuji èlánek: Obchodní válka vyvolaná Trumpem sníží výkon èeské ekonomiky, varují odbory
2025-03-09 22:21:32,475 - synapse-scraper - INFO - Èlánek uložen: Obchodní válka vyvolaná Trumpem sníží výkon èeské ekonomiky, varují odbory (948 znakù, 139 slov)
2025-03-09 22:21:32,475 - synapse-scraper - INFO - Celkem staženo nových èlánkù: 31
2025-03-09 22:21:32,509 - synapse-scraper - INFO - Stahuji èlánek: Úøadoval státní zástupce opilý? Odmítl dýchnout, místo funkce pøišel jen o peníze
2025-03-09 22:21:34,446 - synapse-scraper - INFO - Èlánek uložen: Úøadoval státní zástupce opilý? Odmítl dýchnout, místo funkce pøišel jen o peníze (948 znakù, 139 slov)
2025-03-09 22:21:34,448 - synapse-scraper - INFO - Celkem staženo nových èlánkù: 32
2025-03-09 22:21:34,489 - synapse-scraper - INFO - Stahuji èlánek: Pozdvižení na Florenci: Ze stropu v metru zaèala téct proudem voda, stanici zavøeli
2025-03-09 22:21:36,607 - synapse-scraper - INFO - Èlánek uložen: Pozdvižení na Florenci: Ze stropu v metru zaèala téct proudem voda, stanici zavøeli (948 znakù, 139 slov)
2025-03-09 22:21:36,608 - synapse-scraper - INFO - Celkem staženo nových èlánkù: 33
2025-03-09 22:21:36,657 - synapse-scraper - INFO - Stahuji èlánek: Georgescu nemùže kandidovat v rumunských prezidentských volbách, rozhodla komise
2025-03-09 22:21:39,727 - synapse-scraper - INFO - Èlánek uložen: Georgescu nemùže kandidovat v rumunských prezidentských volbách, rozhodla komise (948 znakù, 139 slov)
2025-03-09 22:21:39,728 - synapse-scraper - INFO - Celkem staženo nových èlánkù: 34
2025-03-09 22:21:39,760 - synapse-scraper - INFO - Stahuji èlánek: Trump oèekává, že Zelenskyj nerostnou dohodu podepíše. Znovu ho obvinil z nevdìku
2025-03-09 22:21:41,887 - synapse-scraper - INFO - Èlánek uložen: Trump oèekává, že Zelenskyj nerostnou dohodu podepíše. Znovu ho obvinil z nevdìku (948 znakù, 139 slov)
2025-03-09 22:21:41,889 - synapse-scraper - INFO - Celkem staženo nových èlánkù: 35
2025-03-09 22:21:41,933 - synapse-scraper - INFO - Stahuji èlánek: Nález mrtvého tìla na Domažlicku: Zøejmì jde o pohøešovaného policistu
2025-03-09 22:21:44,621 - synapse-scraper - INFO - Èlánek uložen: Nález mrtvého tìla na Domažlicku: Zøejmì jde o pohøešovaného policistu (948 znakù, 139 slov)
2025-03-09 22:21:44,622 - synapse-scraper - INFO - Celkem staženo nových èlánkù: 36
2025-03-09 22:21:44,655 - synapse-scraper - INFO - Stahuji èlánek: Glosa: Byl to dobrý rok, ukázalo udílení filmových Èeských lvù
2025-03-09 22:21:46,367 - synapse-scraper - INFO - Èlánek uložen: Glosa: Byl to dobrý rok, ukázalo udílení filmových Èeských lvù (948 znakù, 139 slov)
2025-03-09 22:21:46,368 - synapse-scraper - INFO - Celkem staženo nových èlánkù: 37
2025-03-09 22:21:46,400 - synapse-scraper - INFO - Stahuji èlánek: Sikorski proti Muskovi: Když vypnete Ukrajincùm Starlink, poohlédneme se jinde
2025-03-09 22:21:49,227 - synapse-scraper - INFO - Èlánek uložen: Sikorski proti Muskovi: Když vypnete Ukrajincùm Starlink, poohlédneme se jinde (948 znakù, 139 slov)
2025-03-09 22:21:49,229 - synapse-scraper - INFO - Celkem staženo nových èlánkù: 38
2025-03-09 22:21:49,266 - synapse-scraper - INFO - Stahuji èlánek: Dronaøka Karolína shání na frontovou linii terénní vùz, ten poslední skonèil pod obrnìným vozem
2025-03-09 22:21:52,679 - synapse-scraper - INFO - Èlánek uložen: Dronaøka Karolína shání na frontovou linii terénní vùz, ten poslední skonèil pod obrnìným vozem (948 znakù, 139 slov)
2025-03-09 22:21:52,680 - synapse-scraper - INFO - Celkem staženo nových èlánkù: 39
2025-03-09 22:21:52,719 - synapse-scraper - INFO - Stahuji èlánek: FOTO: Obøí loutky uchvátily Plzeò. Show pøilákala tisíce lidí
2025-03-09 22:21:54,125 - synapse-scraper - INFO - Èlánek uložen: FOTO: Obøí loutky uchvátily Plzeò. Show pøilákala tisíce lidí (948 znakù, 139 slov)
2025-03-09 22:21:54,125 - synapse-scraper - INFO - Celkem staženo nových èlánkù: 40
2025-03-09 22:21:54,154 - synapse-scraper - INFO - Stahuji èlánek: Mladý motorkáø na Plzeòsku nezvládl rychlost a vylétl ze silnice
2025-03-09 22:21:56,294 - synapse-scraper - INFO - Èlánek uložen: Mladý motorkáø na Plzeòsku nezvládl rychlost a vylétl ze silnice (948 znakù, 139 slov)
2025-03-09 22:21:56,295 - synapse-scraper - INFO - Celkem staženo nových èlánkù: 41
2025-03-09 22:21:56,329 - synapse-scraper - INFO - Stahuji èlánek: Státy sousedící se Sýrií se dohodly na zesílení kampanì proti Islámskému státu
2025-03-09 22:21:59,313 - synapse-scraper - INFO - Èlánek uložen: Státy sousedící se Sýrií se dohodly na zesílení kampanì proti Islámskému státu (948 znakù, 139 slov)
2025-03-09 22:21:59,314 - synapse-scraper - INFO - Celkem staženo nových èlánkù: 42
2025-03-09 22:21:59,349 - synapse-scraper - INFO - Stahuji èlánek: Francie využije miliardy z úrokù z ruských aktiv na zbranì pro Ukrajinu
2025-03-09 22:22:01,108 - synapse-scraper - INFO - Èlánek uložen: Francie využije miliardy z úrokù z ruských aktiv na zbranì pro Ukrajinu (948 znakù, 139 slov)
2025-03-09 22:22:01,109 - synapse-scraper - INFO - Celkem staženo nových èlánkù: 43
2025-03-09 22:22:01,154 - synapse-scraper - INFO - Stahuji èlánek: Èeští politici Muska za jeho nápad s odchodem z NATO nešetøí
2025-03-09 22:22:04,589 - synapse-scraper - INFO - Èlánek uložen: Èeští politici Muska za jeho nápad s odchodem z NATO nešetøí (948 znakù, 139 slov)
2025-03-09 22:22:04,590 - synapse-scraper - INFO - Celkem staženo nových èlánkù: 44
2025-03-09 22:22:04,624 - synapse-scraper - INFO - Stahuji èlánek: Z ostravského domu hrùzy má vzniknout bydlení pro seniory a studenty
2025-03-09 22:22:06,165 - synapse-scraper - INFO - Èlánek uložen: Z ostravského domu hrùzy má vzniknout bydlení pro seniory a studenty (948 znakù, 139 slov)
2025-03-09 22:22:06,166 - synapse-scraper - INFO - Celkem staženo nových èlánkù: 45
2025-03-09 22:22:06,200 - synapse-scraper - INFO - Stahuji èlánek: Online prodejce náhradních dílù pro auta chystá na Chebsku více než miliardovou investici
2025-03-09 22:22:09,205 - synapse-scraper - INFO - Èlánek uložen: Online prodejce náhradních dílù pro auta chystá na Chebsku více než miliardovou investici (948 znakù, 139 slov)
2025-03-09 22:22:09,206 - synapse-scraper - INFO - Celkem staženo nových èlánkù: 46
2025-03-09 22:22:09,232 - synapse-scraper - INFO - Stahuji èlánek: Ani mor, ani hniloba. Vèelám nejvíc škodí èlovìk, míní vèelaøi
2025-03-09 22:22:11,513 - synapse-scraper - INFO - Èlánek uložen: Ani mor, ani hniloba. Vèelám nejvíc škodí èlovìk, míní vèelaøi (948 znakù, 139 slov)
2025-03-09 22:22:11,514 - synapse-scraper - INFO - Celkem staženo nových èlánkù: 47
2025-03-09 22:22:11,540 - synapse-scraper - INFO - Stahuji èlánek: FOTO: Nejdražší konstrukèní projekt své doby. Jak se stavìl Panamský prùplav
2025-03-09 22:22:13,681 - synapse-scraper - INFO - Èlánek uložen: FOTO: Nejdražší konstrukèní projekt své doby. Jak se stavìl Panamský prùplav (948 znakù, 139 slov)
2025-03-09 22:22:13,682 - synapse-scraper - INFO - Celkem staženo nových èlánkù: 48
2025-03-09 22:22:13,715 - synapse-scraper - INFO - Stahuji èlánek: První mince s dvouocasým lvem i platidlo za otroky. Ostravská výstava pøedstavuje unikáty
2025-03-09 22:22:15,187 - synapse-scraper - INFO - Èlánek uložen: První mince s dvouocasým lvem i platidlo za otroky. Ostravská výstava pøedstavuje unikáty (948 znakù, 139 slov)
2025-03-09 22:22:15,189 - synapse-scraper - INFO - Celkem staženo nových èlánkù: 49
2025-03-09 22:22:15,220 - synapse-scraper - INFO - Stahuji èlánek: Místo lístku na koncert cizí pøedpis na léky. Podvody se vstupenkami se internet jen hemží
2025-03-09 22:22:18,138 - synapse-scraper - INFO - Èlánek uložen: Místo lístku na koncert cizí pøedpis na léky. Podvody se vstupenkami se internet jen hemží (948 znakù, 139 slov)
2025-03-09 22:22:18,139 - synapse-scraper - INFO - Celkem staženo nových èlánkù: 50
2025-03-09 22:22:18,189 - synapse-scraper - INFO - Stahuji èlánek: Izraelská vláda oznámila, že zastavuje pøívod elektøiny do Pásma Gazy
2025-03-09 22:22:21,191 - synapse-scraper - INFO - Èlánek uložen: Izraelská vláda oznámila, že zastavuje pøívod elektøiny do Pásma Gazy (948 znakù, 139 slov)
2025-03-09 22:22:21,192 - synapse-scraper - INFO - Celkem staženo nových èlánkù: 51
2025-03-09 22:22:21,226 - synapse-scraper - INFO - Stahuji èlánek: Jiøí Mádl: Jsem rád, že se akademici shodli s diváky
2025-03-09 22:22:23,781 - synapse-scraper - INFO - Èlánek uložen: Jiøí Mádl: Jsem rád, že se akademici shodli s diváky (948 znakù, 139 slov)
2025-03-09 22:22:23,782 - synapse-scraper - INFO - Celkem staženo nových èlánkù: 52
2025-03-09 22:22:23,814 - synapse-scraper - INFO - Stahuji èlánek: Prodal dùm v Japonsku, za své peníze vaøí dùchodcùm v Charkovì
2025-03-09 22:22:24,328 - synapse-scraper - INFO - Pøipojení k databázi uzavøeno.
2025-03-09 22:22:28,028 - synapse-scraper - INFO - Zaèínám sbìr zpravodajských èlánkù pro projekt Synapse...
2025-03-09 22:22:29,130 - synapse-scraper - INFO - Úspìšnì pøipojeno k databázi.
2025-03-09 22:22:29,194 - synapse-scraper - INFO - Aktuální poèet èlánkù v databázi: 52
2025-03-09 22:22:29,231 - synapse-scraper - INFO - Zpracovávám RSS feed: idnes
2025-03-09 22:22:30,419 - synapse-scraper - INFO - Zpracovávám RSS feed: novinky
2025-03-09 22:22:31,312 - synapse-scraper - INFO - Stahuji èlánek: Prodal dùm v Japonsku, za své peníze vaøí dùchodcùm v Charkovì
2025-03-09 22:22:33,678 - synapse-scraper - INFO - Pøipojení k databázi uzavøeno.
