2025-03-31 22:01:46,301 - INFO - starting scraped data processing
2025-03-31 22:01:46,302 - INFO - found latest scraped data file: d:\GitHub\Synapse-Omega\data\scraped\articles_2025-03-31.json
2025-03-31 22:01:46,304 - INFO - loaded 50 articles from d:\GitHub\Synapse-Omega\data\scraped\articles_2025-03-31.json
2025-03-31 22:01:47,575 - WARNING - Stopwords not available for language: czech. Using empty set.
2025-03-31 22:01:47,575 - INFO - preprocessing article texts...
2025-03-31 22:01:47,598 - INFO - preprocessing completed
2025-03-31 22:01:47,684 - INFO - loading category classifier...
2025-03-31 22:01:47,867 - INFO - Model loaded from d:\GitHub\Synapse-Omega\models\category_classifier with 16 categories
2025-03-31 22:01:47,867 - INFO - applying category classification...
2025-03-31 22:01:47,880 - INFO - category classification completed
2025-03-31 22:01:47,881 - INFO - loading sentiment analyzer...
2025-03-31 22:01:47,931 - INFO - model loaded from d:\GitHub\Synapse-Omega\models\sentiment_analyzer
2025-03-31 22:01:47,931 - INFO - applying sentiment analysis...
2025-03-31 22:01:47,961 - INFO - sentiment analysis completed
2025-03-31 22:01:47,962 - INFO - model application completed
2025-03-31 22:01:48,012 - INFO - saved processed data to d:\GitHub\Synapse-Omega\data\processed_scraped\processed_articles_2025-03-31.csv
2025-03-31 22:01:48,015 - INFO - saved processed data to d:\GitHub\Synapse-Omega\data\processed_scraped\processed_articles_2025-03-31.json
2025-03-31 22:01:48,018 - INFO - saved display data to d:\GitHub\Synapse-Omega\data\display\display_articles_2025-03-31.json
2025-03-31 22:01:48,037 - INFO - saved combined display data to d:\GitHub\Synapse-Omega\data\display\all_articles.json
2025-03-31 22:01:48,037 - INFO - scraped data processing completed
