2025-03-31 22:02:04,152 - INFO - starting scraped data processing
2025-03-31 22:02:04,153 - INFO - found latest scraped data file: d:\GitHub\Synapse-Omega\data\scraped\articles_2025-03-31.json
2025-03-31 22:02:04,154 - INFO - loaded 50 articles from d:\GitHub\Synapse-Omega\data\scraped\articles_2025-03-31.json
2025-03-31 22:02:05,425 - WARNING - Stopwords not available for language: czech. Using empty set.
2025-03-31 22:02:05,425 - INFO - preprocessing article texts...
2025-03-31 22:02:05,451 - INFO - preprocessing completed
2025-03-31 22:02:05,542 - INFO - loading category classifier...
2025-03-31 22:02:05,724 - INFO - Model loaded from d:\GitHub\Synapse-Omega\models\category_classifier with 16 categories
2025-03-31 22:02:05,724 - INFO - applying category classification...
2025-03-31 22:02:05,738 - INFO - category classification completed
2025-03-31 22:02:05,738 - INFO - loading sentiment analyzer...
2025-03-31 22:02:05,793 - INFO - model loaded from d:\GitHub\Synapse-Omega\models\sentiment_analyzer
2025-03-31 22:02:05,793 - INFO - applying sentiment analysis...
2025-03-31 22:02:05,828 - INFO - sentiment analysis completed
2025-03-31 22:02:05,828 - INFO - model application completed
2025-03-31 22:02:05,874 - INFO - saved processed data to d:\GitHub\Synapse-Omega\data\processed_scraped\processed_articles_2025-03-31.csv
2025-03-31 22:02:05,877 - INFO - saved processed data to d:\GitHub\Synapse-Omega\data\processed_scraped\processed_articles_2025-03-31.json
2025-03-31 22:02:05,881 - INFO - saved display data to d:\GitHub\Synapse-Omega\data\display\display_articles_2025-03-31.json
2025-03-31 22:02:05,899 - INFO - saved combined display data to d:\GitHub\Synapse-Omega\data\display\all_articles.json
2025-03-31 22:02:05,899 - INFO - scraped data processing completed
