2025-03-31 13:48:09,530 - INFO - starting scraped data processing
2025-03-31 13:48:09,533 - INFO - found latest scraped data file: c:\Users\matej\Desktop\Sleeping-Barber-Problem-Solution-master\Synapse-Omega\data\scraped\articles_2025-03-31.json
2025-03-31 13:48:09,556 - INFO - loaded 50 articles from c:\Users\matej\Desktop\Sleeping-Barber-Problem-Solution-master\Synapse-Omega\data\scraped\articles_2025-03-31.json
2025-03-31 13:48:12,039 - WARNING - Stopwords not available for language: czech. Using empty set.
2025-03-31 13:48:12,039 - INFO - preprocessing article texts...
2025-03-31 13:48:12,101 - INFO - preprocessing completed
2025-03-31 13:48:12,249 - INFO - loading category classifier...
2025-03-31 13:48:12,626 - INFO - Model loaded from c:\Users\matej\Desktop\Sleeping-Barber-Problem-Solution-master\Synapse-Omega\models\category_classifier with 16 categories
2025-03-31 13:48:12,626 - INFO - applying category classification...
2025-03-31 13:48:12,659 - INFO - category classification completed
2025-03-31 13:48:12,660 - INFO - loading sentiment analyzer...
2025-03-31 13:48:12,760 - INFO - model loaded from c:\Users\matej\Desktop\Sleeping-Barber-Problem-Solution-master\Synapse-Omega\models\sentiment_analyzer
2025-03-31 13:48:12,760 - INFO - applying sentiment analysis...
2025-03-31 13:48:12,801 - INFO - sentiment analysis completed
2025-03-31 13:48:12,802 - INFO - model application completed
2025-03-31 13:48:12,859 - INFO - saved processed data to c:\Users\matej\Desktop\Sleeping-Barber-Problem-Solution-master\Synapse-Omega\data\processed_scraped\processed_articles_2025-03-31.csv
2025-03-31 13:48:12,864 - INFO - saved processed data to c:\Users\matej\Desktop\Sleeping-Barber-Problem-Solution-master\Synapse-Omega\data\processed_scraped\processed_articles_2025-03-31.json
2025-03-31 13:48:12,881 - INFO - saved display data to c:\Users\matej\Desktop\Sleeping-Barber-Problem-Solution-master\Synapse-Omega\data\display\display_articles_2025-03-31.json
2025-03-31 13:48:12,911 - INFO - saved combined display data to c:\Users\matej\Desktop\Sleeping-Barber-Problem-Solution-master\Synapse-Omega\data\display\all_articles.json
2025-03-31 13:48:12,912 - INFO - scraped data processing completed
