2025-03-31 18:42:01,728 - INFO - starting scraped data processing
2025-03-31 18:42:01,729 - INFO - found latest scraped data file: d:\GitHub\Synapse-Omega\data\scraped\articles_2025-03-31.json
2025-03-31 18:42:01,730 - INFO - loaded 50 articles from d:\GitHub\Synapse-Omega\data\scraped\articles_2025-03-31.json
2025-03-31 18:42:03,084 - WARNING - Stopwords not available for language: czech. Using empty set.
2025-03-31 18:42:03,084 - INFO - preprocessing article texts...
2025-03-31 18:42:03,108 - INFO - preprocessing completed
2025-03-31 18:42:03,200 - INFO - loading category classifier...
2025-03-31 18:42:03,404 - INFO - Model loaded from d:\GitHub\Synapse-Omega\models\category_classifier with 16 categories
2025-03-31 18:42:03,405 - INFO - applying category classification...
2025-03-31 18:42:03,419 - INFO - category classification completed
2025-03-31 18:42:03,419 - INFO - loading sentiment analyzer...
2025-03-31 18:42:03,471 - INFO - model loaded from d:\GitHub\Synapse-Omega\models\sentiment_analyzer
2025-03-31 18:42:03,471 - INFO - applying sentiment analysis...
2025-03-31 18:42:03,501 - INFO - sentiment analysis completed
2025-03-31 18:42:03,502 - INFO - model application completed
2025-03-31 18:42:03,551 - INFO - saved processed data to d:\GitHub\Synapse-Omega\data\processed_scraped\processed_articles_2025-03-31.csv
2025-03-31 18:42:03,554 - INFO - saved processed data to d:\GitHub\Synapse-Omega\data\processed_scraped\processed_articles_2025-03-31.json
2025-03-31 18:42:03,558 - INFO - saved display data to d:\GitHub\Synapse-Omega\data\display\display_articles_2025-03-31.json
2025-03-31 18:42:03,577 - INFO - saved combined display data to d:\GitHub\Synapse-Omega\data\display\all_articles.json
2025-03-31 18:42:03,577 - INFO - scraped data processing completed
