2025-03-31 18:51:07,852 - INFO - starting scraped data processing
2025-03-31 18:51:07,852 - INFO - found latest scraped data file: d:\GitHub\Synapse-Omega\data\scraped\articles_2025-03-31.json
2025-03-31 18:51:07,854 - INFO - loaded 50 articles from d:\GitHub\Synapse-Omega\data\scraped\articles_2025-03-31.json
2025-03-31 18:51:09,135 - WARNING - Stopwords not available for language: czech. Using empty set.
2025-03-31 18:51:09,135 - INFO - preprocessing article texts...
2025-03-31 18:51:09,158 - INFO - preprocessing completed
2025-03-31 18:51:09,242 - INFO - loading category classifier...
2025-03-31 18:51:09,423 - INFO - Model loaded from d:\GitHub\Synapse-Omega\models\category_classifier with 16 categories
2025-03-31 18:51:09,424 - INFO - applying category classification...
2025-03-31 18:51:09,439 - INFO - category classification completed
2025-03-31 18:51:09,439 - INFO - loading sentiment analyzer...
2025-03-31 18:51:09,489 - INFO - model loaded from d:\GitHub\Synapse-Omega\models\sentiment_analyzer
2025-03-31 18:51:09,489 - INFO - applying sentiment analysis...
2025-03-31 18:51:09,524 - INFO - sentiment analysis completed
2025-03-31 18:51:09,524 - INFO - model application completed
2025-03-31 18:51:09,570 - INFO - saved processed data to d:\GitHub\Synapse-Omega\data\processed_scraped\processed_articles_2025-03-31.csv
2025-03-31 18:51:09,574 - INFO - saved processed data to d:\GitHub\Synapse-Omega\data\processed_scraped\processed_articles_2025-03-31.json
2025-03-31 18:51:09,577 - INFO - saved display data to d:\GitHub\Synapse-Omega\data\display\display_articles_2025-03-31.json
2025-03-31 18:51:09,596 - INFO - saved combined display data to d:\GitHub\Synapse-Omega\data\display\all_articles.json
2025-03-31 18:51:09,596 - INFO - scraped data processing completed
