2025-03-31 18:37:03,400 - INFO - starting scraped data processing
2025-03-31 18:37:03,400 - INFO - found latest scraped data file: d:\GitHub\Synapse-Omega\data\scraped\articles_2025-03-31.json
2025-03-31 18:37:03,402 - INFO - loaded 50 articles from d:\GitHub\Synapse-Omega\data\scraped\articles_2025-03-31.json
2025-03-31 18:37:04,696 - WARNING - Stopwords not available for language: czech. Using empty set.
2025-03-31 18:37:04,696 - INFO - preprocessing article texts...
2025-03-31 18:37:04,724 - INFO - preprocessing completed
2025-03-31 18:37:04,822 - INFO - loading category classifier...
2025-03-31 18:37:05,027 - INFO - Model loaded from d:\GitHub\Synapse-Omega\models\category_classifier with 16 categories
2025-03-31 18:37:05,028 - INFO - applying category classification...
2025-03-31 18:37:05,042 - INFO - category classification completed
2025-03-31 18:37:05,042 - INFO - loading sentiment analyzer...
2025-03-31 18:37:05,092 - INFO - model loaded from d:\GitHub\Synapse-Omega\models\sentiment_analyzer
2025-03-31 18:37:05,092 - INFO - applying sentiment analysis...
2025-03-31 18:37:05,124 - INFO - sentiment analysis completed
2025-03-31 18:37:05,124 - INFO - model application completed
2025-03-31 18:37:05,215 - INFO - saved processed data to d:\GitHub\Synapse-Omega\data\processed_scraped\processed_articles_2025-03-31.csv
2025-03-31 18:37:05,218 - INFO - saved processed data to d:\GitHub\Synapse-Omega\data\processed_scraped\processed_articles_2025-03-31.json
2025-03-31 18:37:05,221 - INFO - saved display data to d:\GitHub\Synapse-Omega\data\display\display_articles_2025-03-31.json
2025-03-31 18:37:05,239 - INFO - saved combined display data to d:\GitHub\Synapse-Omega\data\display\all_articles.json
2025-03-31 18:37:05,239 - INFO - scraped data processing completed
