2025-03-31 18:51:03,368 - INFO - starting scraped data processing
2025-03-31 18:51:03,369 - INFO - found latest scraped data file: d:\GitHub\Synapse-Omega\data\scraped\articles_2025-03-31.json
2025-03-31 18:51:03,371 - INFO - loaded 50 articles from d:\GitHub\Synapse-Omega\data\scraped\articles_2025-03-31.json
2025-03-31 18:51:04,748 - WARNING - Stopwords not available for language: czech. Using empty set.
2025-03-31 18:51:04,749 - INFO - preprocessing article texts...
2025-03-31 18:51:04,772 - INFO - preprocessing completed
2025-03-31 18:51:04,866 - INFO - loading category classifier...
2025-03-31 18:51:05,079 - INFO - Model loaded from d:\GitHub\Synapse-Omega\models\category_classifier with 16 categories
2025-03-31 18:51:05,080 - INFO - applying category classification...
2025-03-31 18:51:05,094 - INFO - category classification completed
2025-03-31 18:51:05,094 - INFO - loading sentiment analyzer...
2025-03-31 18:51:05,153 - INFO - model loaded from d:\GitHub\Synapse-Omega\models\sentiment_analyzer
2025-03-31 18:51:05,153 - INFO - applying sentiment analysis...
2025-03-31 18:51:05,187 - INFO - sentiment analysis completed
2025-03-31 18:51:05,187 - INFO - model application completed
2025-03-31 18:51:05,232 - INFO - saved processed data to d:\GitHub\Synapse-Omega\data\processed_scraped\processed_articles_2025-03-31.csv
2025-03-31 18:51:05,236 - INFO - saved processed data to d:\GitHub\Synapse-Omega\data\processed_scraped\processed_articles_2025-03-31.json
2025-03-31 18:51:05,240 - INFO - saved display data to d:\GitHub\Synapse-Omega\data\display\display_articles_2025-03-31.json
2025-03-31 18:51:05,262 - INFO - saved combined display data to d:\GitHub\Synapse-Omega\data\display\all_articles.json
2025-03-31 18:51:05,262 - INFO - scraped data processing completed
