2025-03-31 18:36:42,808 - INFO - starting scraped data processing
2025-03-31 18:36:42,809 - INFO - found latest scraped data file: d:\GitHub\Synapse-Omega\data\scraped\articles_2025-03-31.json
2025-03-31 18:36:42,810 - INFO - loaded 50 articles from d:\GitHub\Synapse-Omega\data\scraped\articles_2025-03-31.json
2025-03-31 18:36:44,076 - WARNING - Stopwords not available for language: czech. Using empty set.
2025-03-31 18:36:44,076 - INFO - preprocessing article texts...
2025-03-31 18:36:44,101 - INFO - preprocessing completed
2025-03-31 18:36:44,191 - INFO - loading category classifier...
2025-03-31 18:36:44,371 - INFO - Model loaded from d:\GitHub\Synapse-Omega\models\category_classifier with 16 categories
2025-03-31 18:36:44,371 - INFO - applying category classification...
2025-03-31 18:36:44,386 - INFO - category classification completed
2025-03-31 18:36:44,386 - INFO - loading sentiment analyzer...
2025-03-31 18:36:44,433 - INFO - model loaded from d:\GitHub\Synapse-Omega\models\sentiment_analyzer
2025-03-31 18:36:44,433 - INFO - applying sentiment analysis...
2025-03-31 18:36:44,465 - INFO - sentiment analysis completed
2025-03-31 18:36:44,465 - INFO - model application completed
2025-03-31 18:36:44,508 - INFO - saved processed data to d:\GitHub\Synapse-Omega\data\processed_scraped\processed_articles_2025-03-31.csv
2025-03-31 18:36:44,513 - INFO - saved processed data to d:\GitHub\Synapse-Omega\data\processed_scraped\processed_articles_2025-03-31.json
2025-03-31 18:36:44,516 - INFO - saved display data to d:\GitHub\Synapse-Omega\data\display\display_articles_2025-03-31.json
2025-03-31 18:36:44,536 - INFO - saved combined display data to d:\GitHub\Synapse-Omega\data\display\all_articles.json
2025-03-31 18:36:44,536 - INFO - scraped data processing completed
