2025-03-31 22:01:42,818 - INFO - starting scraped data processing
2025-03-31 22:01:42,819 - INFO - found latest scraped data file: d:\GitHub\Synapse-Omega\data\scraped\articles_2025-03-31.json
2025-03-31 22:01:42,832 - INFO - loaded 50 articles from d:\GitHub\Synapse-Omega\data\scraped\articles_2025-03-31.json
2025-03-31 22:01:44,206 - WARNING - Stopwords not available for language: czech. Using empty set.
2025-03-31 22:01:44,206 - INFO - preprocessing article texts...
2025-03-31 22:01:44,229 - INFO - preprocessing completed
2025-03-31 22:01:44,325 - INFO - loading category classifier...
2025-03-31 22:01:44,534 - INFO - Model loaded from d:\GitHub\Synapse-Omega\models\category_classifier with 16 categories
2025-03-31 22:01:44,534 - INFO - applying category classification...
2025-03-31 22:01:44,548 - INFO - category classification completed
2025-03-31 22:01:44,548 - INFO - loading sentiment analyzer...
2025-03-31 22:01:44,598 - INFO - model loaded from d:\GitHub\Synapse-Omega\models\sentiment_analyzer
2025-03-31 22:01:44,599 - INFO - applying sentiment analysis...
2025-03-31 22:01:44,631 - INFO - sentiment analysis completed
2025-03-31 22:01:44,631 - INFO - model application completed
2025-03-31 22:01:44,691 - INFO - saved processed data to d:\GitHub\Synapse-Omega\data\processed_scraped\processed_articles_2025-03-31.csv
2025-03-31 22:01:44,695 - INFO - saved processed data to d:\GitHub\Synapse-Omega\data\processed_scraped\processed_articles_2025-03-31.json
2025-03-31 22:01:44,699 - INFO - saved display data to d:\GitHub\Synapse-Omega\data\display\display_articles_2025-03-31.json
2025-03-31 22:01:44,721 - INFO - saved combined display data to d:\GitHub\Synapse-Omega\data\display\all_articles.json
2025-03-31 22:01:44,721 - INFO - scraped data processing completed
