2025-03-31 13:38:14,154 - INFO - loaded database configuration from config file
2025-03-31 13:38:14,929 - INFO - successfully connected to database
2025-03-31 13:38:15,739 - INFO - scraping articles from idnes
2025-03-31 13:38:17,202 - INFO - fetched 30 articles from https://servis.idnes.cz/rss.aspx?c=zpravodaj
2025-03-31 13:38:17,204 - INFO - found 26 new articles from idnes
2025-03-31 13:38:23,124 - ERROR - error saving article: ('42S22', "[42S22] [Microsoft][ODBC Driver 17 for SQL Server][SQL Server]Invalid column name 'Source'. (207) (SQLExecDirectW); [42S22] [Microsoft][ODBC Driver 17 for SQL Server][SQL Server]Invalid column name 'PublishDate'. (207); [42S22] [Microsoft][ODBC Driver 17 for SQL Server][SQL Server]Invalid column name 'Content'. (207); [42S22] [Microsoft][ODBC Driver 17 for SQL Server][SQL Server]Statement(s) could not be prepared. (8180)")
2025-03-31 13:38:29,055 - ERROR - error saving article: ('42S22', "[42S22] [Microsoft][ODBC Driver 17 for SQL Server][SQL Server]Invalid column name 'Source'. (207) (SQLExecDirectW); [42S22] [Microsoft][ODBC Driver 17 for SQL Server][SQL Server]Invalid column name 'PublishDate'. (207); [42S22] [Microsoft][ODBC Driver 17 for SQL Server][SQL Server]Invalid column name 'Content'. (207); [42S22] [Microsoft][ODBC Driver 17 for SQL Server][SQL Server]Statement(s) could not be prepared. (8180)")
2025-03-31 13:38:33,889 - ERROR - error saving article: ('42S22', "[42S22] [Microsoft][ODBC Driver 17 for SQL Server][SQL Server]Invalid column name 'Source'. (207) (SQLExecDirectW); [42S22] [Microsoft][ODBC Driver 17 for SQL Server][SQL Server]Invalid column name 'PublishDate'. (207); [42S22] [Microsoft][ODBC Driver 17 for SQL Server][SQL Server]Invalid column name 'Content'. (207); [42S22] [Microsoft][ODBC Driver 17 for SQL Server][SQL Server]Statement(s) could not be prepared. (8180)")
2025-03-31 13:38:40,049 - ERROR - error saving article: ('42S22', "[42S22] [Microsoft][ODBC Driver 17 for SQL Server][SQL Server]Invalid column name 'Source'. (207) (SQLExecDirectW); [42S22] [Microsoft][ODBC Driver 17 for SQL Server][SQL Server]Invalid column name 'PublishDate'. (207); [42S22] [Microsoft][ODBC Driver 17 for SQL Server][SQL Server]Invalid column name 'Content'. (207); [42S22] [Microsoft][ODBC Driver 17 for SQL Server][SQL Server]Statement(s) could not be prepared. (8180)")
2025-03-31 13:38:45,598 - ERROR - error saving article: ('42S22', "[42S22] [Microsoft][ODBC Driver 17 for SQL Server][SQL Server]Invalid column name 'Source'. (207) (SQLExecDirectW); [42S22] [Microsoft][ODBC Driver 17 for SQL Server][SQL Server]Invalid column name 'PublishDate'. (207); [42S22] [Microsoft][ODBC Driver 17 for SQL Server][SQL Server]Invalid column name 'Content'. (207); [42S22] [Microsoft][ODBC Driver 17 for SQL Server][SQL Server]Statement(s) could not be prepared. (8180)")
2025-03-31 13:38:54,948 - ERROR - error saving article: ('42S22', "[42S22] [Microsoft][ODBC Driver 17 for SQL Server][SQL Server]Invalid column name 'Source'. (207) (SQLExecDirectW); [42S22] [Microsoft][ODBC Driver 17 for SQL Server][SQL Server]Invalid column name 'PublishDate'. (207); [42S22] [Microsoft][ODBC Driver 17 for SQL Server][SQL Server]Invalid column name 'Content'. (207); [42S22] [Microsoft][ODBC Driver 17 for SQL Server][SQL Server]Statement(s) could not be prepared. (8180)")
2025-03-31 13:39:01,181 - ERROR - error saving article: ('42S22', "[42S22] [Microsoft][ODBC Driver 17 for SQL Server][SQL Server]Invalid column name 'Source'. (207) (SQLExecDirectW); [42S22] [Microsoft][ODBC Driver 17 for SQL Server][SQL Server]Invalid column name 'PublishDate'. (207); [42S22] [Microsoft][ODBC Driver 17 for SQL Server][SQL Server]Invalid column name 'Content'. (207); [42S22] [Microsoft][ODBC Driver 17 for SQL Server][SQL Server]Statement(s) could not be prepared. (8180)")
2025-03-31 13:39:08,862 - ERROR - error saving article: ('42S22', "[42S22] [Microsoft][ODBC Driver 17 for SQL Server][SQL Server]Invalid column name 'Source'. (207) (SQLExecDirectW); [42S22] [Microsoft][ODBC Driver 17 for SQL Server][SQL Server]Invalid column name 'PublishDate'. (207); [42S22] [Microsoft][ODBC Driver 17 for SQL Server][SQL Server]Invalid column name 'Content'. (207); [42S22] [Microsoft][ODBC Driver 17 for SQL Server][SQL Server]Statement(s) could not be prepared. (8180)")
2025-03-31 13:39:15,017 - ERROR - error saving article: ('42S22', "[42S22] [Microsoft][ODBC Driver 17 for SQL Server][SQL Server]Invalid column name 'Source'. (207) (SQLExecDirectW); [42S22] [Microsoft][ODBC Driver 17 for SQL Server][SQL Server]Invalid column name 'PublishDate'. (207); [42S22] [Microsoft][ODBC Driver 17 for SQL Server][SQL Server]Invalid column name 'Content'. (207); [42S22] [Microsoft][ODBC Driver 17 for SQL Server][SQL Server]Statement(s) could not be prepared. (8180)")
2025-03-31 13:39:21,964 - ERROR - error saving article: ('42S22', "[42S22] [Microsoft][ODBC Driver 17 for SQL Server][SQL Server]Invalid column name 'Source'. (207) (SQLExecDirectW); [42S22] [Microsoft][ODBC Driver 17 for SQL Server][SQL Server]Invalid column name 'PublishDate'. (207); [42S22] [Microsoft][ODBC Driver 17 for SQL Server][SQL Server]Invalid column name 'Content'. (207); [42S22] [Microsoft][ODBC Driver 17 for SQL Server][SQL Server]Statement(s) could not be prepared. (8180)")
2025-03-31 13:39:25,371 - INFO - scraping articles from novinky
2025-03-31 13:39:26,653 - INFO - fetched 30 articles from https://www.novinky.cz/rss
2025-03-31 13:39:26,664 - INFO - found 30 new articles from novinky
2025-03-31 13:39:31,371 - ERROR - error saving article: ('42S22', "[42S22] [Microsoft][ODBC Driver 17 for SQL Server][SQL Server]Invalid column name 'Source'. (207) (SQLExecDirectW); [42S22] [Microsoft][ODBC Driver 17 for SQL Server][SQL Server]Invalid column name 'PublishDate'. (207); [42S22] [Microsoft][ODBC Driver 17 for SQL Server][SQL Server]Invalid column name 'Content'. (207); [42S22] [Microsoft][ODBC Driver 17 for SQL Server][SQL Server]Statement(s) could not be prepared. (8180)")
2025-03-31 13:39:34,252 - ERROR - error saving article: ('42S22', "[42S22] [Microsoft][ODBC Driver 17 for SQL Server][SQL Server]Invalid column name 'Source'. (207) (SQLExecDirectW); [42S22] [Microsoft][ODBC Driver 17 for SQL Server][SQL Server]Invalid column name 'PublishDate'. (207); [42S22] [Microsoft][ODBC Driver 17 for SQL Server][SQL Server]Invalid column name 'Content'. (207); [42S22] [Microsoft][ODBC Driver 17 for SQL Server][SQL Server]Statement(s) could not be prepared. (8180)")
2025-03-31 13:39:41,656 - ERROR - error saving article: ('42S22', "[42S22] [Microsoft][ODBC Driver 17 for SQL Server][SQL Server]Invalid column name 'Source'. (207) (SQLExecDirectW); [42S22] [Microsoft][ODBC Driver 17 for SQL Server][SQL Server]Invalid column name 'PublishDate'. (207); [42S22] [Microsoft][ODBC Driver 17 for SQL Server][SQL Server]Invalid column name 'Content'. (207); [42S22] [Microsoft][ODBC Driver 17 for SQL Server][SQL Server]Statement(s) could not be prepared. (8180)")
2025-03-31 13:39:48,656 - ERROR - error saving article: ('42S22', "[42S22] [Microsoft][ODBC Driver 17 for SQL Server][SQL Server]Invalid column name 'Source'. (207) (SQLExecDirectW); [42S22] [Microsoft][ODBC Driver 17 for SQL Server][SQL Server]Invalid column name 'PublishDate'. (207); [42S22] [Microsoft][ODBC Driver 17 for SQL Server][SQL Server]Invalid column name 'Content'. (207); [42S22] [Microsoft][ODBC Driver 17 for SQL Server][SQL Server]Statement(s) could not be prepared. (8180)")
2025-03-31 13:39:52,755 - ERROR - error saving article: ('42S22', "[42S22] [Microsoft][ODBC Driver 17 for SQL Server][SQL Server]Invalid column name 'Source'. (207) (SQLExecDirectW); [42S22] [Microsoft][ODBC Driver 17 for SQL Server][SQL Server]Invalid column name 'PublishDate'. (207); [42S22] [Microsoft][ODBC Driver 17 for SQL Server][SQL Server]Invalid column name 'Content'. (207); [42S22] [Microsoft][ODBC Driver 17 for SQL Server][SQL Server]Statement(s) could not be prepared. (8180)")
2025-03-31 13:39:57,660 - ERROR - error saving article: ('42S22', "[42S22] [Microsoft][ODBC Driver 17 for SQL Server][SQL Server]Invalid column name 'Source'. (207) (SQLExecDirectW); [42S22] [Microsoft][ODBC Driver 17 for SQL Server][SQL Server]Invalid column name 'PublishDate'. (207); [42S22] [Microsoft][ODBC Driver 17 for SQL Server][SQL Server]Invalid column name 'Content'. (207); [42S22] [Microsoft][ODBC Driver 17 for SQL Server][SQL Server]Statement(s) could not be prepared. (8180)")
2025-03-31 13:40:03,313 - ERROR - error saving article: ('42S22', "[42S22] [Microsoft][ODBC Driver 17 for SQL Server][SQL Server]Invalid column name 'Source'. (207) (SQLExecDirectW); [42S22] [Microsoft][ODBC Driver 17 for SQL Server][SQL Server]Invalid column name 'PublishDate'. (207); [42S22] [Microsoft][ODBC Driver 17 for SQL Server][SQL Server]Invalid column name 'Content'. (207); [42S22] [Microsoft][ODBC Driver 17 for SQL Server][SQL Server]Statement(s) could not be prepared. (8180)")
2025-03-31 13:40:06,736 - ERROR - error saving article: ('42S22', "[42S22] [Microsoft][ODBC Driver 17 for SQL Server][SQL Server]Invalid column name 'Source'. (207) (SQLExecDirectW); [42S22] [Microsoft][ODBC Driver 17 for SQL Server][SQL Server]Invalid column name 'PublishDate'. (207); [42S22] [Microsoft][ODBC Driver 17 for SQL Server][SQL Server]Invalid column name 'Content'. (207); [42S22] [Microsoft][ODBC Driver 17 for SQL Server][SQL Server]Statement(s) could not be prepared. (8180)")
2025-03-31 13:40:11,984 - ERROR - error saving article: ('42S22', "[42S22] [Microsoft][ODBC Driver 17 for SQL Server][SQL Server]Invalid column name 'Source'. (207) (SQLExecDirectW); [42S22] [Microsoft][ODBC Driver 17 for SQL Server][SQL Server]Invalid column name 'PublishDate'. (207); [42S22] [Microsoft][ODBC Driver 17 for SQL Server][SQL Server]Invalid column name 'Content'. (207); [42S22] [Microsoft][ODBC Driver 17 for SQL Server][SQL Server]Statement(s) could not be prepared. (8180)")
2025-03-31 13:40:17,091 - ERROR - error saving article: ('42S22', "[42S22] [Microsoft][ODBC Driver 17 for SQL Server][SQL Server]Invalid column name 'Source'. (207) (SQLExecDirectW); [42S22] [Microsoft][ODBC Driver 17 for SQL Server][SQL Server]Invalid column name 'PublishDate'. (207); [42S22] [Microsoft][ODBC Driver 17 for SQL Server][SQL Server]Invalid column name 'Content'. (207); [42S22] [Microsoft][ODBC Driver 17 for SQL Server][SQL Server]Statement(s) could not be prepared. (8180)")
2025-03-31 13:40:19,764 - INFO - scraping articles from irozhlas
2025-03-31 13:40:21,090 - INFO - fetched 20 articles from https://www.irozhlas.cz/rss/irozhlas
2025-03-31 13:40:21,090 - INFO - found 20 new articles from irozhlas
2025-03-31 13:45:42,164 - ERROR - error parsing irozhlas article: https://www.irozhlas.cz/sport/fotbal/stadion-straho-facr-sparta-rekonstrukce-dohoda_2503311254_mim, error: HTTPSConnectionPool(host='www.irozhlas.cz', port=443): Max retries exceeded with url: /sport/fotbal/stadion-straho-facr-sparta-rekonstrukce-dohoda_2503311254_mim (Caused by ConnectTimeoutError(<urllib3.connection.HTTPSConnection object at 0x00000171C64193D0>, 'Connection to www.irozhlas.cz timed out. (connect timeout=10)'))
2025-03-31 13:45:51,072 - ERROR - error saving article: ('08S01', '[08S01] [Microsoft][ODBC Driver 17 for SQL Server]TCP Provider: A connection attempt failed because the connected party did not properly respond after a period of time, or established connection failed because connected host has failed to respond.\r\n (10060) (SQLExecDirectW); [08S01] [Microsoft][ODBC Driver 17 for SQL Server]Communication link failure (10060)')
2025-03-31 13:45:54,222 - ERROR - error saving article: ('08S01', '[08S01] [Microsoft][ODBC Driver 17 for SQL Server]Communication link failure (0) (SQLExecDirectW)')
2025-03-31 13:45:56,785 - ERROR - error saving article: ('08S01', '[08S01] [Microsoft][ODBC Driver 17 for SQL Server]Communication link failure (0) (SQLExecDirectW)')
2025-03-31 13:45:58,719 - ERROR - error saving article: ('08S01', '[08S01] [Microsoft][ODBC Driver 17 for SQL Server]Communication link failure (0) (SQLExecDirectW)')
2025-03-31 13:46:02,489 - ERROR - error saving article: ('08S01', '[08S01] [Microsoft][ODBC Driver 17 for SQL Server]Communication link failure (0) (SQLExecDirectW)')
2025-03-31 13:46:05,286 - ERROR - error saving article: ('08S01', '[08S01] [Microsoft][ODBC Driver 17 for SQL Server]Communication link failure (0) (SQLExecDirectW)')
2025-03-31 13:46:08,210 - ERROR - error saving article: ('08S01', '[08S01] [Microsoft][ODBC Driver 17 for SQL Server]Communication link failure (0) (SQLExecDirectW)')
2025-03-31 13:46:10,674 - ERROR - error saving article: ('08S01', '[08S01] [Microsoft][ODBC Driver 17 for SQL Server]Communication link failure (0) (SQLExecDirectW)')
2025-03-31 13:46:13,260 - ERROR - error saving article: ('08S01', '[08S01] [Microsoft][ODBC Driver 17 for SQL Server]Communication link failure (0) (SQLExecDirectW)')
2025-03-31 13:46:17,998 - INFO - scraping articles from seznamzpravy
2025-03-31 13:46:18,736 - INFO - fetched 30 articles from https://www.seznamzpravy.cz/rss
2025-03-31 13:46:18,739 - INFO - found 30 new articles from seznamzpravy
2025-03-31 13:46:21,518 - ERROR - error saving article: ('08S01', '[08S01] [Microsoft][ODBC Driver 17 for SQL Server]Communication link failure (0) (SQLExecDirectW)')
2025-03-31 13:46:23,775 - ERROR - error saving article: ('08S01', '[08S01] [Microsoft][ODBC Driver 17 for SQL Server]Communication link failure (0) (SQLExecDirectW)')
2025-03-31 13:46:26,581 - ERROR - error saving article: ('08S01', '[08S01] [Microsoft][ODBC Driver 17 for SQL Server]Communication link failure (0) (SQLExecDirectW)')
2025-03-31 13:46:29,139 - ERROR - error saving article: ('08S01', '[08S01] [Microsoft][ODBC Driver 17 for SQL Server]Communication link failure (0) (SQLExecDirectW)')
2025-03-31 13:46:31,323 - ERROR - error saving article: ('08S01', '[08S01] [Microsoft][ODBC Driver 17 for SQL Server]Communication link failure (0) (SQLExecDirectW)')
2025-03-31 13:46:33,864 - ERROR - error saving article: ('08S01', '[08S01] [Microsoft][ODBC Driver 17 for SQL Server]Communication link failure (0) (SQLExecDirectW)')
2025-03-31 13:46:36,464 - ERROR - error saving article: ('08S01', '[08S01] [Microsoft][ODBC Driver 17 for SQL Server]Communication link failure (0) (SQLExecDirectW)')
2025-03-31 13:46:39,869 - ERROR - error saving article: ('08S01', '[08S01] [Microsoft][ODBC Driver 17 for SQL Server]Communication link failure (0) (SQLExecDirectW)')
2025-03-31 13:46:42,301 - ERROR - error saving article: ('08S01', '[08S01] [Microsoft][ODBC Driver 17 for SQL Server]Communication link failure (0) (SQLExecDirectW)')
2025-03-31 13:46:44,372 - ERROR - error saving article: ('08S01', '[08S01] [Microsoft][ODBC Driver 17 for SQL Server]Communication link failure (0) (SQLExecDirectW)')
2025-03-31 13:46:47,396 - INFO - scraping articles from aktualne
2025-03-31 13:46:48,377 - INFO - fetched 30 articles from https://www.aktualne.cz/rss/
2025-03-31 13:46:48,377 - INFO - found 30 new articles from aktualne
2025-03-31 13:46:52,138 - ERROR - error saving article: ('08S01', '[08S01] [Microsoft][ODBC Driver 17 for SQL Server]Communication link failure (0) (SQLExecDirectW)')
2025-03-31 13:46:54,643 - ERROR - error saving article: ('08S01', '[08S01] [Microsoft][ODBC Driver 17 for SQL Server]Communication link failure (0) (SQLExecDirectW)')
2025-03-31 13:46:58,426 - ERROR - error saving article: ('08S01', '[08S01] [Microsoft][ODBC Driver 17 for SQL Server]Communication link failure (0) (SQLExecDirectW)')
2025-03-31 13:47:00,374 - ERROR - error saving article: ('08S01', '[08S01] [Microsoft][ODBC Driver 17 for SQL Server]Communication link failure (0) (SQLExecDirectW)')
2025-03-31 13:47:03,800 - ERROR - error saving article: ('08S01', '[08S01] [Microsoft][ODBC Driver 17 for SQL Server]Communication link failure (0) (SQLExecDirectW)')
